<?xml version="1.0" encoding="UTF-8"?>
<beans xmlns="http://www.springframework.org/schema/beans"
       xmlns:xsi="http://www.w3.org/2001/XMLSchema-instance"

       xsi:schemaLocation="http://www.springframework.org/schema/beans http://www.springframework.org/schema/beans/spring-beans.xsd">
<!--
    <bean id="dataSource" class="org.springframework.jndi.JndiObjectFactoryBean">
        <property name="jndiName" value="java:comp/env/jdbc/myoracle"/>
        <property name="resourceRef" value="true"/>
    </bean>-->
   <!-- <bean class="org.springframework.jdbc.datasource.DriverManagerDataSource" id="dataSource">
        <property name="driverClassName" value="oracle.jdbc.driver.OracleDriver"/>
        <property name="url" value="jdbc:oracle:thin:@db102:1521:THERAP"/>
        <property name="username" value="trainee"/>
        <property name="password" value="pass321"/>
    </bean>


-->
    <bean id="dataSource" class="org.unitils.database.UnitilsDataSourceFactoryBean"/>




    <bean class="org.springframework.orm.hibernate3.annotation.AnnotationSessionFactoryBean" id="sessionFactory">
        <property name="dataSource" ref="dataSource"/>
        <property name="packagesToScan" value="net.therap.domain"/>
        <property name="hibernateProperties">
            <props>
                <prop key="hibernate.hbm2ddl.auto">create-drop</prop>
                <prop key="hibernate.dialect">org.hibernate.dialect.HSQLDialect</prop>
            </props>
        </property>
    </bean>

    <bean class="net.therap.dao.GameReviewDaoImpl" id="gameReviewDao">
        <property name="sessionFactory" ref="sessionFactory"/>
    </bean>

    <bean class="net.therap.dao.GameDaoImpl" id="gameDao">
        <property name="sessionFactory" ref="sessionFactory"/>
    </bean>

    <bean id="userDao" class="net.therap.dao.UserDaoImpl">
        <property name="sessionFactory" ref="sessionFactory"/>
    </bean>

    <bean id="trackUserDao" class="net.therap.dao.TrackUserDaoImpl">
        <property name="sessionFactory" ref="sessionFactory"/>
    </bean>


    <bean id="topGamesFilterBean" class="net.therap.filter.TopGamesFilter">
        <property name="gameDao" ref="gameDao"/>


    </bean>


</beans>