<?xml version="1.0" encoding="UTF-8"?>
<beans>

        <bean id="dataSource" class="org.unitils.database.UnitilsDataSourceFactoryBean" />

</beans>